<?xml version="1.0" encoding="UTF-8"?>
<testsuite name="com.vimso.padyu.integracion.webservices.gestion.usuarios.http.CrearUsuariosWSTest" time="0.486" tests="2" errors="0" skipped="0" failures="0">
  <properties>
[...]
</properties>
  <testcase name="testCrearUsuarioCorrecto" classname="com.vimso.padyu.integracion.webservices.gestion.usuarios.http.CrearUsuariosWSTest" time="0.342"/>
  <testcase name="testCrearUsuarioNULL" classname="com.vimso.padyu.integracion.webservices.gestion.usuarios.http.CrearUsuariosWSTest" time="0.144"/>
</testsuite>